<?xml version="1.0" encoding="UTF-8"?>
<!-- Generated by org.testng.reporters.JUnitReportReporter -->
<testsuite hostname="DESKTOP-0OF1QAL" failures="0" tests="1" name="testcases.sendmailtest" time="0.019" errors="0" timestamp="26 Feb 2024 10:27:32 GMT" skipped="0">
  <testcase classname="testcases.sendmailtest" name="sendmail" time="0.019"/>
</testsuite> <!-- testcases.sendmailtest -->
